This is pdfTeX, Version 3.1415926-2.3-1.40.12 (TeX Live 2011) (format=pdflatex 2012.5.19)  1 OCT 2013 21:27
entering extended mode
 \write18 enabled.
 file:line:error style messages enabled.
 %&-line parsing enabled.
**thesis.tex
(./thesis.tex
LaTeX2e <2011/06/27>
Babel <v3.8m> and hyphenation patterns for english, dumylang, nohyphenation, ge
rman-x-2011-07-01, ngerman-x-2011-07-01, afrikaans, ancientgreek, ibycus, arabi
c, armenian, basque, bulgarian, catalan, pinyin, coptic, croatian, czech, danis
h, dutch, ukenglish, usenglishmax, esperanto, estonian, ethiopic, farsi, finnis
h, french, friulan, galician, german, ngerman, swissgerman, monogreek, greek, h
ungarian, icelandic, assamese, bengali, gujarati, hindi, kannada, malayalam, ma
rathi, oriya, panjabi, tamil, telugu, indonesian, interlingua, irish, italian, 
kurmanji, lao, latin, latvian, lithuanian, mongolian, mongolianlmc, bokmal, nyn
orsk, polish, portuguese, romanian, romansh, russian, sanskrit, serbian, serbia
nc, slovak, slovenian, spanish, swedish, turkish, turkmen, ukrainian, uppersorb
ian, welsh, loaded.
(./uclathes.cls
Document Class: uclathes 2012/05/02, 2.0
UCLA 2.0 port copyright (C) 2012 by Jose Hales-Garcia.
Please send bug reports and graduation notices to <jolohaga@me.com>.
LaTeX2e port copyright (C) 1995 by John Heidemann.
Copyright (C) 1988 by Richard B. Wales, copyright (C) 1985 by Leslie Lamport.
(/usr/local/texlive/2011/texmf-dist/tex/latex/base/ifthen.sty
Package: ifthen 2001/05/26 v1.1c Standard LaTeX ifthen package (DPC)
) (./uclathma.clo
File: uclathma 2012/05/03, 2.0
) (./uclath12.clo
File: uclath12.clo 2012/05/03, 2.0
)
\descriptionmargin=\dimen102
\c@part=\count79
\c@chapter=\count80
\c@section=\count81
\c@subsection=\count82
\c@subsubsection=\count83
\c@paragraph=\count84
\c@subparagraph=\count85
\c@figure=\count86
\c@table=\count87
 (./uclathti.clo
File: uclathti 2012/05/03, 2.0
\c@chairs=\count88
\c@members=\count89
\c@vitaitems=\count90
\c@publications=\count91
)) (./mymacros.tex) (./prelim.tex)
(./thesis.aux)
\openout1 = `thesis.aux'.

LaTeX Font Info:    Checking defaults for OML/cmm/m/it on input line 6.
LaTeX Font Info:    ... okay on input line 6.
LaTeX Font Info:    Checking defaults for T1/cmr/m/n on input line 6.
LaTeX Font Info:    ... okay on input line 6.
LaTeX Font Info:    Checking defaults for OT1/cmr/m/n on input line 6.
LaTeX Font Info:    ... okay on input line 6.
LaTeX Font Info:    Checking defaults for OMS/cmsy/m/n on input line 6.
LaTeX Font Info:    ... okay on input line 6.
LaTeX Font Info:    Checking defaults for OMX/cmex/m/n on input line 6.
LaTeX Font Info:    ... okay on input line 6.
LaTeX Font Info:    Checking defaults for U/cmr/m/n on input line 6.
LaTeX Font Info:    ... okay on input line 6.
 [0


{/usr/local/texlive/2011/texmf-var/fonts/map/pdftex/updmap/pdftex.map}]
LaTeX Font Info:    Try loading font information for OMS+cmr on input line 8.
 (/usr/local/texlive/2011/texmf-dist/tex/latex/base/omscmr.fd
File: omscmr.fd 1999/05/25 v2.5h Standard LaTeX font definitions
)
LaTeX Font Info:    Font shape `OMS/cmr/m/n' in size <12> not available
(Font)              Font shape `OMS/cmsy/m/n' tried instead on input line 8.

[1

] [2

]
No non-chair committee members.
[3

] (./thesis.toc
LaTeX Font Info:    External font `cmex10' loaded for size
(Font)              <12> on input line 1.
LaTeX Font Info:    External font `cmex10' loaded for size
(Font)              <8> on input line 1.
LaTeX Font Info:    External font `cmex10' loaded for size
(Font)              <6> on input line 1.
)
\tf@toc=\write3
\openout3 = `thesis.toc'.

 [4

] (./thesis.lof)
\tf@lof=\write4
\openout4 = `thesis.lof'.

 [5

] (./thesis.lot)
\tf@lot=\write5
\openout5 = `thesis.lot'.

 [6

] (./chapter1.tex
CHAPTER 1.
)
Overfull \hbox (0.45847pt too wide) in paragraph at lines 6--18
\OT1/cmr/m/n/12 aback abaft aban-don aban-doned aban-don-ing aban-don-ment aban
-dons abase abased
 []


Overfull \hbox (5.68063pt too wide) in paragraph at lines 6--18
\OT1/cmr/m/n/12 abort-ing abor-tion abor-tion's abor-tions abortive abortively 
aborts abound abounded
 []

[1

] [2] [3] (./thesis.aux) ) 
Here is how much of TeX's memory you used:
 468 strings out of 493610
 4963 string characters out of 3142404
 62526 words of memory out of 3000000
 3821 multiletter control sequences out of 15000+200000
 8496 words of font info for 30 fonts, out of 3000000 for 9000
 831 hyphenation exceptions out of 8191
 23i,5n,19p,425b,177s stack positions out of 5000i,500n,10000p,200000b,50000s
</usr/local/texlive/2011/texmf-dist/fonts/type1/publi
c/amsfonts/cm/cmbx12.pfb></usr/local/texlive/2011/texmf-dist/fonts/type1/public
/amsfonts/cm/cmcsc10.pfb></usr/local/texlive/2011/texmf-dist/fonts/type1/public
/amsfonts/cm/cmmi12.pfb></usr/local/texlive/2011/texmf-dist/fonts/type1/public/
amsfonts/cm/cmr12.pfb></usr/local/texlive/2011/texmf-dist/fonts/type1/public/am
sfonts/cm/cmsy10.pfb>
Output written on thesis.pdf (10 pages, 64284 bytes).
PDF statistics:
 57 PDF objects out of 1000 (max. 8388607)
 39 compressed objects within 1 object stream
 0 named destinations out of 1000 (max. 500000)
 1 words of extra memory for PDF output out of 10000 (max. 10000000)

