This is pdfTeX, Version 3.1415926-2.3-1.40.12 (TeX Live 2011) (format=pdflatex 2012.5.19)  18 NOV 2013 14:48
entering extended mode
 \write18 enabled.
 file:line:error style messages enabled.
 %&-line parsing enabled.
**thesis.tex
(./thesis.tex
LaTeX2e <2011/06/27>
Babel <v3.8m> and hyphenation patterns for english, dumylang, nohyphenation, ge
rman-x-2011-07-01, ngerman-x-2011-07-01, afrikaans, ancientgreek, ibycus, arabi
c, armenian, basque, bulgarian, catalan, pinyin, coptic, croatian, czech, danis
h, dutch, ukenglish, usenglishmax, esperanto, estonian, ethiopic, farsi, finnis
h, french, friulan, galician, german, ngerman, swissgerman, monogreek, greek, h
ungarian, icelandic, assamese, bengali, gujarati, hindi, kannada, malayalam, ma
rathi, oriya, panjabi, tamil, telugu, indonesian, interlingua, irish, italian, 
kurmanji, lao, latin, latvian, lithuanian, mongolian, mongolianlmc, bokmal, nyn
orsk, polish, portuguese, romanian, romansh, russian, sanskrit, serbian, serbia
nc, slovak, slovenian, spanish, swedish, turkish, turkmen, ukrainian, uppersorb
ian, welsh, loaded.
(./uclathes.cls
Document Class: uclathes 2012/05/02, 2.0
UCLA 2.0 port copyright (C) 2012 by Jose Hales-Garcia.
Please send bug reports and graduation notices to <jolohaga@me.com>.
LaTeX2e port copyright (C) 1995 by John Heidemann.
Copyright (C) 1988 by Richard B. Wales, copyright (C) 1985 by Leslie Lamport.
(/usr/local/texlive/2011/texmf-dist/tex/latex/base/ifthen.sty
Package: ifthen 2001/05/26 v1.1c Standard LaTeX ifthen package (DPC)
) (./uclathma.clo
File: uclathma 2012/05/03, 2.0
) (./uclath12.clo
File: uclath12.clo 2012/05/03, 2.0
)
\descriptionmargin=\dimen102
\c@part=\count79
\c@chapter=\count80
\c@section=\count81
\c@subsection=\count82
\c@subsubsection=\count83
\c@paragraph=\count84
\c@subparagraph=\count85
\c@figure=\count86
\c@table=\count87
 (./uclathti.clo
File: uclathti 2012/05/03, 2.0
\c@chairs=\count88
\c@members=\count89
\c@vitaitems=\count90
\c@publications=\count91
)) (./mymacros.tex
(/usr/local/texlive/2011/texmf-dist/tex/latex/graphics/graphicx.sty
Package: graphicx 1999/02/16 v1.0f Enhanced LaTeX Graphics (DPC,SPQR)

(/usr/local/texlive/2011/texmf-dist/tex/latex/graphics/keyval.sty
Package: keyval 1999/03/16 v1.13 key=value parser (DPC)
\KV@toks@=\toks14
)
(/usr/local/texlive/2011/texmf-dist/tex/latex/graphics/graphics.sty
Package: graphics 2009/02/05 v1.0o Standard LaTeX Graphics (DPC,SPQR)

(/usr/local/texlive/2011/texmf-dist/tex/latex/graphics/trig.sty
Package: trig 1999/03/16 v1.09 sin cos tan (DPC)
)
(/usr/local/texlive/2011/texmf-dist/tex/latex/latexconfig/graphics.cfg
File: graphics.cfg 2010/04/23 v1.9 graphics configuration of TeX Live
)
Package graphics Info: Driver file: pdftex.def on input line 91.

(/usr/local/texlive/2011/texmf-dist/tex/latex/pdftex-def/pdftex.def
File: pdftex.def 2011/05/27 v0.06d Graphics/color for pdfTeX

(/usr/local/texlive/2011/texmf-dist/tex/generic/oberdiek/infwarerr.sty
Package: infwarerr 2010/04/08 v1.3 Providing info/warning/error messages (HO)
)
(/usr/local/texlive/2011/texmf-dist/tex/generic/oberdiek/ltxcmds.sty
Package: ltxcmds 2011/11/09 v1.22 LaTeX kernel commands for general use (HO)
)
\Gread@gobject=\count92
))
\Gin@req@height=\dimen103
\Gin@req@width=\dimen104
)
(/usr/local/texlive/2011/texmf-dist/tex/latex/amsmath/amsmath.sty
Package: amsmath 2000/07/18 v2.13 AMS math features
\@mathmargin=\skip41

For additional information on amsmath, use the `?' option.
(/usr/local/texlive/2011/texmf-dist/tex/latex/amsmath/amstext.sty
Package: amstext 2000/06/29 v2.01

(/usr/local/texlive/2011/texmf-dist/tex/latex/amsmath/amsgen.sty
File: amsgen.sty 1999/11/30 v2.0
\@emptytoks=\toks15
\ex@=\dimen105
))
(/usr/local/texlive/2011/texmf-dist/tex/latex/amsmath/amsbsy.sty
Package: amsbsy 1999/11/29 v1.2d
\pmbraise@=\dimen106
)
(/usr/local/texlive/2011/texmf-dist/tex/latex/amsmath/amsopn.sty
Package: amsopn 1999/12/14 v2.01 operator names
)
\inf@bad=\count93
LaTeX Info: Redefining \frac on input line 211.
\uproot@=\count94
\leftroot@=\count95
LaTeX Info: Redefining \overline on input line 307.
\classnum@=\count96
\DOTSCASE@=\count97
LaTeX Info: Redefining \ldots on input line 379.
LaTeX Info: Redefining \dots on input line 382.
LaTeX Info: Redefining \cdots on input line 467.
\Mathstrutbox@=\box26
\strutbox@=\box27
\big@size=\dimen107
LaTeX Font Info:    Redeclaring font encoding OML on input line 567.
LaTeX Font Info:    Redeclaring font encoding OMS on input line 568.
\macc@depth=\count98
\c@MaxMatrixCols=\count99
\dotsspace@=\muskip10
\c@parentequation=\count100
\dspbrk@lvl=\count101
\tag@help=\toks16
\row@=\count102
\column@=\count103
\maxfields@=\count104
\andhelp@=\toks17
\eqnshift@=\dimen108
\alignsep@=\dimen109
\tagshift@=\dimen110
\tagwidth@=\dimen111
\totwidth@=\dimen112
\lineht@=\dimen113
\@envbody=\toks18
\multlinegap=\skip42
\multlinetaggap=\skip43
\mathdisplay@stack=\toks19
LaTeX Info: Redefining \[ on input line 2666.
LaTeX Info: Redefining \] on input line 2667.
)
(/usr/local/texlive/2011/texmf-dist/tex/latex/amsfonts/amsfonts.sty
Package: amsfonts 2009/06/22 v3.00 Basic AMSFonts support
\symAMSa=\mathgroup4
\symAMSb=\mathgroup5
LaTeX Font Info:    Overwriting math alphabet `\mathfrak' in version `bold'
(Font)                  U/euf/m/n --> U/euf/b/n on input line 96.
)
(/usr/local/texlive/2011/texmf-dist/tex/latex/tools/longtable.sty
Package: longtable 2004/02/01 v4.11 Multi-page Table package (DPC)
\LTleft=\skip44
\LTright=\skip45
\LTpre=\skip46
\LTpost=\skip47
\LTchunksize=\count105
\LTcapwidth=\dimen114
\LT@head=\box28
\LT@firsthead=\box29
\LT@foot=\box30
\LT@lastfoot=\box31
\LT@cols=\count106
\LT@rows=\count107
\c@LT@tables=\count108
\c@LT@chunks=\count109
\LT@p@ftn=\toks20
))
(./prelim.tex
\@input{nomenclature.aux}
\openout2 = `nomenclature.aux'.

(./nomenclature.tex)) (./thesis.aux

LaTeX Warning: Label `sec:extended_state_space_model' multiply defined.


LaTeX Warning: Label `eq:3_extended_state_space_row' multiply defined.

)
\openout1 = `thesis.aux'.

LaTeX Font Info:    Checking defaults for OML/cmm/m/it on input line 6.
LaTeX Font Info:    ... okay on input line 6.
LaTeX Font Info:    Checking defaults for T1/cmr/m/n on input line 6.
LaTeX Font Info:    ... okay on input line 6.
LaTeX Font Info:    Checking defaults for OT1/cmr/m/n on input line 6.
LaTeX Font Info:    ... okay on input line 6.
LaTeX Font Info:    Checking defaults for OMS/cmsy/m/n on input line 6.
LaTeX Font Info:    ... okay on input line 6.
LaTeX Font Info:    Checking defaults for OMX/cmex/m/n on input line 6.
LaTeX Font Info:    ... okay on input line 6.
LaTeX Font Info:    Checking defaults for U/cmr/m/n on input line 6.
LaTeX Font Info:    ... okay on input line 6.
 (/usr/local/texlive/2011/texmf-dist/tex/context/base/supp-pdf.mkii
[Loading MPS to PDF converter (version 2006.09.02).]
\scratchcounter=\count110
\scratchdimen=\dimen115
\scratchbox=\box32
\nofMPsegments=\count111
\nofMParguments=\count112
\everyMPshowfont=\toks21
\MPscratchCnt=\count113
\MPscratchDim=\dimen116
\MPnumerator=\count114
\makeMPintoPDFobject=\count115
\everyMPtoPDFconversion=\toks22
) (/usr/local/texlive/2011/texmf-dist/tex/generic/oberdiek/pdftexcmds.sty
Package: pdftexcmds 2011/11/29 v0.20 Utility functions of pdfTeX for LuaTeX (HO
)

(/usr/local/texlive/2011/texmf-dist/tex/generic/oberdiek/ifluatex.sty
Package: ifluatex 2010/03/01 v1.3 Provides the ifluatex switch (HO)
Package ifluatex Info: LuaTeX not detected.
)
(/usr/local/texlive/2011/texmf-dist/tex/generic/oberdiek/ifpdf.sty
Package: ifpdf 2011/01/30 v2.3 Provides the ifpdf switch (HO)
Package ifpdf Info: pdfTeX in PDF mode is detected.
)
Package pdftexcmds Info: LuaTeX not detected.
Package pdftexcmds Info: \pdf@primitive is available.
Package pdftexcmds Info: \pdf@ifprimitive is available.
Package pdftexcmds Info: \pdfdraftmode found.
)
(/usr/local/texlive/2011/texmf-dist/tex/latex/oberdiek/epstopdf-base.sty
Package: epstopdf-base 2010/02/09 v2.5 Base part for package epstopdf

(/usr/local/texlive/2011/texmf-dist/tex/latex/oberdiek/grfext.sty
Package: grfext 2010/08/19 v1.1 Manage graphics extensions (HO)

(/usr/local/texlive/2011/texmf-dist/tex/generic/oberdiek/kvdefinekeys.sty
Package: kvdefinekeys 2011/04/07 v1.3 Define keys (HO)
))
(/usr/local/texlive/2011/texmf-dist/tex/latex/oberdiek/kvoptions.sty
Package: kvoptions 2011/06/30 v3.11 Key value format for package options (HO)

(/usr/local/texlive/2011/texmf-dist/tex/generic/oberdiek/kvsetkeys.sty
Package: kvsetkeys 2012/04/25 v1.16 Key value parser (HO)

(/usr/local/texlive/2011/texmf-dist/tex/generic/oberdiek/etexcmds.sty
Package: etexcmds 2011/02/16 v1.5 Avoid name clashes with e-TeX commands (HO)
Package etexcmds Info: Could not find \expanded.
(etexcmds)             That can mean that you are not using pdfTeX 1.50 or
(etexcmds)             that some package has redefined \expanded.
(etexcmds)             In the latter case, load this package earlier.
)))
Package grfext Info: Graphics extension search list:
(grfext)             [.png,.pdf,.jpg,.mps,.jpeg,.jbig2,.jb2,.PNG,.PDF,.JPG,.JPE
G,.JBIG2,.JB2,.eps]
(grfext)             \AppendGraphicsExtensions on input line 452.

(/usr/local/texlive/2011/texmf-dist/tex/latex/latexconfig/epstopdf-sys.cfg
File: epstopdf-sys.cfg 2010/07/13 v1.3 Configuration of (r)epstopdf for TeX Liv
e
))
[0




{/usr/local/texlive/2011/texmf-var/fonts/map/pdftex/updmap/pdftex.map}]
LaTeX Font Info:    Try loading font information for OMS+cmr on input line 8.

(/usr/local/texlive/2011/texmf-dist/tex/latex/base/omscmr.fd
File: omscmr.fd 1999/05/25 v2.5h Standard LaTeX font definitions
)
LaTeX Font Info:    Font shape `OMS/cmr/m/n' in size <12> not available
(Font)              Font shape `OMS/cmsy/m/n' tried instead on input line 8.
 [1

] [2

]
No non-chair committee members.
[3

] (./thesis.toc
LaTeX Font Info:    Try loading font information for U+msa on input line 1.

(/usr/local/texlive/2011/texmf-dist/tex/latex/amsfonts/umsa.fd
File: umsa.fd 2009/06/22 v3.00 AMS symbols A
)
LaTeX Font Info:    Try loading font information for U+msb on input line 1.

(/usr/local/texlive/2011/texmf-dist/tex/latex/amsfonts/umsb.fd
File: umsb.fd 2009/06/22 v3.00 AMS symbols B
))
\tf@toc=\write3
\openout3 = `thesis.toc'.

 [4

] [5]
(./thesis.lof)
\tf@lof=\write4
\openout4 = `thesis.lof'.

 [6

] (./thesis.lot)
\tf@lot=\write5
\openout5 = `thesis.lot'.

 [7

]
Overfull \hbox (12.69963pt too wide) in alignment at lines 8--8
 [] [] [] 
 []


Overfull \hbox (12.69963pt too wide) in alignment at lines 8--8
 [] [] [] 
 []

[8] [9] (./chapter1.tex
CHAPTER 1.
[1

]
Package epstopdf Info: Source file: <../fig/general_prbs.eps>
(epstopdf)                    date: 2013-11-11 22:15:19
(epstopdf)                    size: 8349 bytes
(epstopdf)             Output file: <../fig/general_prbs-eps-converted-to.pdf>
(epstopdf)                    date: 2013-11-11 22:15:26
(epstopdf)                    size: 5442 bytes
(epstopdf)             Command: <epstopdf --outfile=../fig/general_prbs-eps-con
verted-to.pdf ../fig/general_prbs.eps>
(epstopdf)             \includegraphics on input line 13.
Package epstopdf Info: Output file is already uptodate.
 <../fig/general_prbs-eps-converted-to.pdf, id=46, 392.46625pt x 92.345pt>
File: ../fig/general_prbs-eps-converted-to.pdf Graphic file (type pdf)

<use ../fig/general_prbs-eps-converted-to.pdf>
Package pdftex.def Info: ../fig/general_prbs-eps-converted-to.pdf used on input
 line 13.
(pdftex.def)             Requested size: 392.46527pt x 92.34476pt.
Package epstopdf Info: Source file: <../fig/test_prbs.eps>
(epstopdf)                    date: 2013-11-11 22:15:22
(epstopdf)                    size: 12043 bytes
(epstopdf)             Output file: <../fig/test_prbs-eps-converted-to.pdf>
(epstopdf)                    date: 2013-11-11 22:15:26
(epstopdf)                    size: 8732 bytes
(epstopdf)             Command: <epstopdf --outfile=../fig/test_prbs-eps-conver
ted-to.pdf ../fig/test_prbs.eps>
(epstopdf)             \includegraphics on input line 19.
Package epstopdf Info: Output file is already uptodate.

<../fig/test_prbs-eps-converted-to.pdf, id=47, 400.49625pt x 276.03125pt>
File: ../fig/test_prbs-eps-converted-to.pdf Graphic file (type pdf)

<use ../fig/test_prbs-eps-converted-to.pdf>
Package pdftex.def Info: ../fig/test_prbs-eps-converted-to.pdf used on input li
ne 19.
(pdftex.def)             Requested size: 400.49527pt x 276.03056pt.
) (./chapter2.tex [2 <../fig/general_prbs-eps-converted-to.pdf>] [3 <../fig/tes
t_prbs-eps-converted-to.pdf>]
CHAPTER 2.
<../fig/lti_block_diagram.pdf, id=73, 397.485pt x 144.21077pt>
File: ../fig/lti_block_diagram.pdf Graphic file (type pdf)

<use ../fig/lti_block_diagram.pdf>
Package pdftex.def Info: ../fig/lti_block_diagram.pdf used on input line 16.
(pdftex.def)             Requested size: 397.48402pt x 144.2104pt.
 [4

] [5 <../fig/lti_block_diagram.pdf>]
Overfull \hbox (4.0487pt too wide) in paragraph at lines 62--65
\OT1/cmr/m/n/12 to be the in-no-va-tion se-quence, we can rewrite the com-bined
 deterministic-stochastic
 []

[6] [7]) (./chapter3.tex [8]
CHAPTER 3.
<../fig/sim_flow_diagram.pdf, id=100, 397.485pt x 208.44576pt>
File: ../fig/sim_flow_diagram.pdf Graphic file (type pdf)

<use ../fig/sim_flow_diagram.pdf>
Package pdftex.def Info: ../fig/sim_flow_diagram.pdf used on input line 9.
(pdftex.def)             Requested size: 397.48402pt x 208.44524pt.
 [9

]
<../fig/open_loop_block_diagram.pdf, id=105, 397.485pt x 80.9695pt>
File: ../fig/open_loop_block_diagram.pdf Graphic file (type pdf)

<use ../fig/open_loop_block_diagram.pdf>
Package pdftex.def Info: ../fig/open_loop_block_diagram.pdf used on input line 
17.
(pdftex.def)             Requested size: 397.48402pt x 80.96928pt.
 [10 <../fig/sim_flow_diagram.pdf> <../fig/open_loop_block_diagram.pdf>] [11] [
12] [13] [14] [15] [16]
<../fig/closed_loop_block_diagram.pdf, id=148, 397.485pt x 126.80775pt>
File: ../fig/closed_loop_block_diagram.pdf Graphic file (type pdf)

<use ../fig/closed_loop_block_diagram.pdf>
Package pdftex.def Info: ../fig/closed_loop_block_diagram.pdf used on input lin
e 238.
(pdftex.def)             Requested size: 397.48402pt x 126.80743pt.
 [17] [18 <../fig/closed_loop_block_diagram.pdf>] [19] [20] [21] [22] [23]) (./
chapter4.tex [24]
CHAPTER 4.
<../fig/crazyflie.jpg, id=183, 2616.77625pt x 1882.03125pt>
File: ../fig/crazyflie.jpg Graphic file (type jpg)

<use ../fig/crazyflie.jpg>
Package pdftex.def Info: ../fig/crazyflie.jpg used on input line 6.
(pdftex.def)             Requested size: 392.4995pt x 282.29251pt.

<../fig/crazyflie_control_system_block_diagram.pdf, id=184, 397.485pt x 175.990
5pt>
File: ../fig/crazyflie_control_system_block_diagram.pdf Graphic file (type pdf)

 <use ../fig/crazyflie_control_system_block_diagram.pdf>
Package pdftex.def Info: ../fig/crazyflie_control_system_block_diagram.pdf used
 on input line 14.
(pdftex.def)             Requested size: 397.48402pt x 175.99005pt.
 [25

]
Overfull \vbox (35.69788pt too high) has occurred while \output is active []


[26 <../fig/crazyflie.jpg> <../fig/crazyflie_control_system_block_diagram.pdf>]
) (./chapter5.tex [27]
CHAPTER 5.
) (./chapter6.tex [28

]
CHAPTER 6.
) (./thesis.bbl [29

] [30

]) [31] (./thesis.aux)

LaTeX Warning: There were multiply-defined labels.

 ) 
Here is how much of TeX's memory you used:
 2608 strings out of 493610
 35775 string characters out of 3142404
 103093 words of memory out of 3000000
 5830 multiletter control sequences out of 15000+200000
 10752 words of font info for 40 fonts, out of 3000000 for 9000
 831 hyphenation exceptions out of 8191
 38i,14n,23p,1471b,223s stack positions out of 5000i,500n,10000p,200000b,50000s
</usr/local/texlive/2011/texmf-dist/fonts/type1/public/amsfonts/cm/cmbx12.pfb
></usr/local/texlive/2011/texmf-dist/fonts/type1/public/amsfonts/cm/cmcsc10.pfb
></usr/local/texlive/2011/texmf-dist/fonts/type1/public/amsfonts/cm/cmex10.pfb>
</usr/local/texlive/2011/texmf-dist/fonts/type1/public/amsfonts/cm/cmmi12.pfb><
/usr/local/texlive/2011/texmf-dist/fonts/type1/public/amsfonts/cm/cmmi6.pfb></u
sr/local/texlive/2011/texmf-dist/fonts/type1/public/amsfonts/cm/cmmi8.pfb></usr
/local/texlive/2011/texmf-dist/fonts/type1/public/amsfonts/cm/cmr12.pfb></usr/l
ocal/texlive/2011/texmf-dist/fonts/type1/public/amsfonts/cm/cmr8.pfb></usr/loca
l/texlive/2011/texmf-dist/fonts/type1/public/amsfonts/cm/cmsy10.pfb></usr/local
/texlive/2011/texmf-dist/fonts/type1/public/amsfonts/cm/cmsy8.pfb></usr/local/t
exlive/2011/texmf-dist/fonts/type1/public/amsfonts/cm/cmti12.pfb></usr/local/te
xlive/2011/texmf-dist/fonts/type1/public/amsfonts/symbols/msbm10.pfb>
Output written on thesis.pdf (41 pages, 1203491 bytes).
PDF statistics:
 259 PDF objects out of 1000 (max. 8388607)
 183 compressed objects within 2 object streams
 0 named destinations out of 1000 (max. 500000)
 41 words of extra memory for PDF output out of 10000 (max. 10000000)

